Arguments: 
  /Users/pataruco/.nvm/versions/node/v14.15.1/bin/node /usr/local/Cellar/yarn/1.22.10/libexec/bin/yarn.js add astronomy.js

PATH: 
  /Users/pataruco/.dvm/bin:/Users/pataruco/.deno/bin:/Users/pataruco/.dvm/bin:/Users/pataruco/.deno/bin:/Users/pataruco/.netlify/helper/bin:/usr/local/sbin:/Users/pataruco/.nvm/versions/node/v14.15.1/bin:/usr/local/bin:/usr/bin:/bin:/usr/sbin:/sbin:/bin:/Users/pataruco/go/bin

Yarn version: 
  1.22.10

Node version: 
  14.15.1

Platform: 
  darwin x64

Trace: 
  Error: https://registry.yarnpkg.com/astronomy.js: Not found
      at Request.params.callback [as _callback] (/usr/local/Cellar/yarn/1.22.10/libexec/lib/cli.js:66988:18)
      at Request.self.callback (/usr/local/Cellar/yarn/1.22.10/libexec/lib/cli.js:140749:22)
      at Request.emit (events.js:315:20)
      at Request.<anonymous> (/usr/local/Cellar/yarn/1.22.10/libexec/lib/cli.js:141721:10)
      at Request.emit (events.js:315:20)
      at IncomingMessage.<anonymous> (/usr/local/Cellar/yarn/1.22.10/libexec/lib/cli.js:141643:12)
      at Object.onceWrapper (events.js:421:28)
      at IncomingMessage.emit (events.js:327:22)
      at endReadableNT (_stream_readable.js:1327:12)
      at processTicksAndRejections (internal/process/task_queues.js:80:21)

npm manifest: 
  {
    "name": "procesos-fundamentales",
    "version": "1.0.0",
    "main": "index.js",
    "author": "Pedro Martin <pataruco@gmail.com>",
    "license": "MIT",
    "type": "module"
  }

yarn manifest: 
  No manifest

Lockfile: 
  No lockfile
